sample/UC_API_DEMO_CALL/build/outputs/logs/manifest-merger-debug-report.txt
-- Merging decision tree log ---
manifest
ADDED from sample/UC_API_DEMO_CALL/AndroidManifest.xml:2:1-77:12
	package
		ADDED from sample/UC_API_DEMO_CALL/AndroidManifest.xml:3:5-33
	android:versionName
		ADDED from sample/UC_API_DEMO_CALL/AndroidManifest.xml:5:5-30
		INJECTED from sample/UC_API_DEMO_CALL/AndroidManifest.xml
		INJECTED from sample/UC_API_DEMO_CALL/AndroidManifest.xml
	android:versionCode
		ADDED from sample/UC_API_DEMO_CALL/AndroidManifest.xml:4:5-28
		INJECTED from sample/UC_API_DEMO_CALL/AndroidManifest.xml
		INJECTED from sample/UC_API_DEMO_CALL/AndroidManifest.xml
	xmlns:android
		ADDED from sample/UC_API_DEMO_CALL/AndroidManifest.xml:2:11-69
uses-sdk
ADDED from sample/UC_API_DEMO_CALL/AndroidManifest.xml:7:5-9:41
MERGED from [com.android.support:multidex:1.0.1] AndroidManifest.xml:18:5-42
MERGED from [UC_API_DEMO_CALL:eSpaceSDK:unspecified] AndroidManifest.xml:7:5-9:41
MERGED from [com.microsoft.projectoxford:face:1.2.1] AndroidManifest.xml:6:5-8:41
MERGED from [com.android.support:design:22.2.0] AndroidManifest.xml:20:5-43
MERGED from [com.android.support:appcompat-v7:22.2.0] AndroidManifest.xml:20:5-43
MERGED from [com.android.support:appcompat-v7:22.2.0] AndroidManifest.xml:20:5-43
MERGED from [com.google.android.gms:play-services-vision:9.4.0] AndroidManifest.xml:4:5-42
MERGED from [com.google.android.gms:play-services-base:9.4.0] AndroidManifest.xml:18:5-42
MERGED from [com.google.android.gms:play-services-basement:9.4.0] AndroidManifest.xml:18:5-42
MERGED from [com.google.android.gms:play-services-tasks:9.4.0] AndroidManifest.xml:4:5-43
MERGED from [com.google.android.gms:play-services-basement:9.4.0] AndroidManifest.xml:18:5-42
MERGED from [com.google.android.gms:play-services-basement:9.4.0] AndroidManifest.xml:18:5-42
	android:targetSdkVersion
		ADDED from sample/UC_API_DEMO_CALL/AndroidManifest.xml:9:9-38
		INJECTED from sample/UC_API_DEMO_CALL/AndroidManifest.xml
		INJECTED from sample/UC_API_DEMO_CALL/AndroidManifest.xml
	android:minSdkVersion
		ADDED from sample/UC_API_DEMO_CALL/AndroidManifest.xml:8:9-35
uses-permission#android.permission.ACCESS_WIFI_STATE
ADDED from sample/UC_API_DEMO_CALL/AndroidManifest.xml:11:5-76
	android:name
		ADDED from sample/UC_API_DEMO_CALL/AndroidManifest.xml:11:22-73
uses-permission#android.permission.INTERNET
ADDED from sample/UC_API_DEMO_CALL/AndroidManifest.xml:12:5-67
	android:name
		ADDED from sample/UC_API_DEMO_CALL/AndroidManifest.xml:12:22-64
uses-permission#android.permission.ACCESS_NETWORK_STATE
ADDED from sample/UC_API_DEMO_CALL/AndroidManifest.xml:13:5-79
	android:name
		ADDED from sample/UC_API_DEMO_CALL/AndroidManifest.xml:13:22-76
uses-permission#android.permission.WRITE_EXTERNAL_STORAGE
ADDED from sample/UC_API_DEMO_CALL/AndroidManifest.xml:14:5-81
	android:name
		ADDED from sample/UC_API_DEMO_CALL/AndroidManifest.xml:14:22-78
uses-permission#android.permission.MOUNT_UNMOUNT_FILESYSTEMS
ADDED from sample/UC_API_DEMO_CALL/AndroidManifest.xml:15:5-84
	android:name
		ADDED from sample/UC_API_DEMO_CALL/AndroidManifest.xml:15:22-81
uses-permission#android.permission.READ_PHONE_STATE
ADDED from sample/UC_API_DEMO_CALL/AndroidManifest.xml:16:5-75
	android:name
		ADDED from sample/UC_API_DEMO_CALL/AndroidManifest.xml:16:22-72
uses-permission#android.permission.BROADCAST_STICKY
ADDED from sample/UC_API_DEMO_CALL/AndroidManifest.xml:17:5-75
	android:name
		ADDED from sample/UC_API_DEMO_CALL/AndroidManifest.xml:17:22-72
uses-permission#android.permission.READ_CALENDAR
ADDED from sample/UC_API_DEMO_CALL/AndroidManifest.xml:18:5-72
	android:name
		ADDED from sample/UC_API_DEMO_CALL/AndroidManifest.xml:18:22-69
uses-permission#android.permission.WRITE_CALENDAR
ADDED from sample/UC_API_DEMO_CALL/AndroidManifest.xml:19:5-73
	android:name
		ADDED from sample/UC_API_DEMO_CALL/AndroidManifest.xml:19:22-70
uses-permission#android.permission.RECORD_AUDIO
ADDED from sample/UC_API_DEMO_CALL/AndroidManifest.xml:20:5-71
	android:name
		ADDED from sample/UC_API_DEMO_CALL/AndroidManifest.xml:20:22-68
uses-permission#android.permission.BLUETOOTH
ADDED from sample/UC_API_DEMO_CALL/AndroidManifest.xml:21:5-68
	android:name
		ADDED from sample/UC_API_DEMO_CALL/AndroidManifest.xml:21:22-65
uses-permission#android.permission.WAKE_LOCK
ADDED from sample/UC_API_DEMO_CALL/AndroidManifest.xml:22:5-68
	android:name
		ADDED from sample/UC_API_DEMO_CALL/AndroidManifest.xml:22:22-65
uses-permission#android.permission.CAMERA
ADDED from sample/UC_API_DEMO_CALL/AndroidManifest.xml:25:5-65
	android:name
		ADDED from sample/UC_API_DEMO_CALL/AndroidManifest.xml:25:22-62
uses-feature#android.hardware.camera
ADDED from sample/UC_API_DEMO_CALL/AndroidManifest.xml:27:5-60
	android:name
		ADDED from sample/UC_API_DEMO_CALL/AndroidManifest.xml:27:19-57
uses-feature#android.hardware.camera.autofocus
ADDED from sample/UC_API_DEMO_CALL/AndroidManifest.xml:28:5-70
	android:name
		ADDED from sample/UC_API_DEMO_CALL/AndroidManifest.xml:28:19-67
uses-permission#com.huawei.eSpaceMobileApp
ADDED from sample/UC_API_DEMO_CALL/AndroidManifest.xml:30:5-66
	android:name
		ADDED from sample/UC_API_DEMO_CALL/AndroidManifest.xml:30:22-63
application
ADDED from sample/UC_API_DEMO_CALL/AndroidManifest.xml:32:5-75:19
MERGED from [UC_API_DEMO_CALL:eSpaceSDK:unspecified] AndroidManifest.xml:14:5-72:19
MERGED from [com.android.support:design:22.2.0] AndroidManifest.xml:22:5-20
MERGED from [com.android.support:appcompat-v7:22.2.0] AndroidManifest.xml:22:5-20
MERGED from [com.android.support:appcompat-v7:22.2.0] AndroidManifest.xml:22:5-20
MERGED from [com.google.android.gms:play-services-vision:9.4.0] AndroidManifest.xml:5:5-20
MERGED from [com.google.android.gms:play-services-base:9.4.0] AndroidManifest.xml:19:5-23:19
MERGED from [com.google.android.gms:play-services-basement:9.4.0] AndroidManifest.xml:20:5-24:19
MERGED from [com.google.android.gms:play-services-tasks:9.4.0] AndroidManifest.xml:5:5-20
MERGED from [com.google.android.gms:play-services-basement:9.4.0] AndroidManifest.xml:20:5-24:19
MERGED from [com.google.android.gms:play-services-basement:9.4.0] AndroidManifest.xml:20:5-24:19
	android:label
		ADDED from sample/UC_API_DEMO_CALL/AndroidManifest.xml:36:9-41
	android:allowBackup
		ADDED from sample/UC_API_DEMO_CALL/AndroidManifest.xml:34:9-35
	android:icon
		ADDED from sample/UC_API_DEMO_CALL/AndroidManifest.xml:35:9-48
	android:theme
		ADDED from sample/UC_API_DEMO_CALL/AndroidManifest.xml:37:9-40
	android:name
		ADDED from sample/UC_API_DEMO_CALL/AndroidManifest.xml:33:9-56
activity#com.huawei.esdk.uc.demo.LoginActivity
ADDED from sample/UC_API_DEMO_CALL/AndroidManifest.xml:38:9-47:20
	android:screenOrientation
		ADDED from sample/UC_API_DEMO_CALL/AndroidManifest.xml:41:13-49
	android:label
		ADDED from sample/UC_API_DEMO_CALL/AndroidManifest.xml:40:13-45
	android:name
		ADDED from sample/UC_API_DEMO_CALL/AndroidManifest.xml:39:13-65
intent-filter#android.intent.action.MAIN+android.intent.category.LAUNCHER
ADDED from sample/UC_API_DEMO_CALL/AndroidManifest.xml:42:13-46:29
action#android.intent.action.MAIN
ADDED from sample/UC_API_DEMO_CALL/AndroidManifest.xml:43:17-69
	android:name
		ADDED from sample/UC_API_DEMO_CALL/AndroidManifest.xml:43:25-66
category#android.intent.category.LAUNCHER
ADDED from sample/UC_API_DEMO_CALL/AndroidManifest.xml:45:17-77
	android:name
		ADDED from sample/UC_API_DEMO_CALL/AndroidManifest.xml:45:27-74
activity#com.huawei.esdk.uc.demo.MainActivity
ADDED from sample/UC_API_DEMO_CALL/AndroidManifest.xml:48:9-51:20
	android:screenOrientation
		ADDED from sample/UC_API_DEMO_CALL/AndroidManifest.xml:50:13-49
	android:name
		ADDED from sample/UC_API_DEMO_CALL/AndroidManifest.xml:49:13-64
activity#com.huawei.esdk.uc.demo.camera.FaceTrackerActivity
ADDED from sample/UC_API_DEMO_CALL/AndroidManifest.xml:52:9-55:20
	android:screenOrientation
		ADDED from sample/UC_API_DEMO_CALL/AndroidManifest.xml:54:19-55
	android:theme
		ADDED from sample/UC_API_DEMO_CALL/AndroidManifest.xml:53:19-69
	android:name
		ADDED from sample/UC_API_DEMO_CALL/AndroidManifest.xml:52:19-84
activity#com.huawei.esdk.uc.demo.call.media.MediaActivity
ADDED from sample/UC_API_DEMO_CALL/AndroidManifest.xml:56:9-62:20
	android:screenOrientation
		ADDED from sample/UC_API_DEMO_CALL/AndroidManifest.xml:60:13-49
	android:launchMode
		ADDED from sample/UC_API_DEMO_CALL/AndroidManifest.xml:59:13-44
	android:configChanges
		ADDED from sample/UC_API_DEMO_CALL/AndroidManifest.xml:58:13-74
	android:name
		ADDED from sample/UC_API_DEMO_CALL/AndroidManifest.xml:57:13-76
activity#com.huawei.esdk.uc.demo.call.video.VideoActivity
ADDED from sample/UC_API_DEMO_CALL/AndroidManifest.xml:63:9-69:20
	android:screenOrientation
		ADDED from sample/UC_API_DEMO_CALL/AndroidManifest.xml:67:13-49
	android:launchMode
		ADDED from sample/UC_API_DEMO_CALL/AndroidManifest.xml:66:13-44
	android:configChanges
		ADDED from sample/UC_API_DEMO_CALL/AndroidManifest.xml:65:13-74
	android:name
		ADDED from sample/UC_API_DEMO_CALL/AndroidManifest.xml:64:13-76
service#com.huawei.service.EspaceService
ADDED from sample/UC_API_DEMO_CALL/AndroidManifest.xml:73:9-68
	android:name
		ADDED from sample/UC_API_DEMO_CALL/AndroidManifest.xml:73:18-65
uses-permission#android.permission.MANAGE_DOCUMENTS
ADDED from [UC_API_DEMO_CALL:eSpaceSDK:unspecified] AndroidManifest.xml:12:5-75
	android:name
		ADDED from [UC_API_DEMO_CALL:eSpaceSDK:unspecified] AndroidManifest.xml:12:22-72
meta-data#com.huawei.glide.EspaceGlideModule
ADDED from [UC_API_DEMO_CALL:eSpaceSDK:unspecified] AndroidManifest.xml:15:9-17:43
	android:value
		ADDED from [UC_API_DEMO_CALL:eSpaceSDK:unspecified] AndroidManifest.xml:17:13-40
	android:name
		ADDED from [UC_API_DEMO_CALL:eSpaceSDK:unspecified] AndroidManifest.xml:16:13-62
receiver#com.huawei.push.BootCompletedReceiver
ADDED from [UC_API_DEMO_CALL:eSpaceSDK:unspecified] AndroidManifest.xml:20:9-34:20
	android:process
		ADDED from [UC_API_DEMO_CALL:eSpaceSDK:unspecified] AndroidManifest.xml:22:13-54
	android:name
		ADDED from [UC_API_DEMO_CALL:eSpaceSDK:unspecified] AndroidManifest.xml:21:13-65
intent-filter#android.intent.action.BOOT_COMPLETED
ADDED from [UC_API_DEMO_CALL:eSpaceSDK:unspecified] AndroidManifest.xml:23:13-25:29
	android:priority
		ADDED from [UC_API_DEMO_CALL:eSpaceSDK:unspecified] AndroidManifest.xml:23:28-51
action#android.intent.action.BOOT_COMPLETED
ADDED from [UC_API_DEMO_CALL:eSpaceSDK:unspecified] AndroidManifest.xml:24:17-79
	android:name
		ADDED from [UC_API_DEMO_CALL:eSpaceSDK:unspecified] AndroidManifest.xml:24:25-76
intent-filter#com.huawei.ucapi.pushcheck
ADDED from [UC_API_DEMO_CALL:eSpaceSDK:unspecified] AndroidManifest.xml:26:13-28:29
	android:priority
		ADDED from [UC_API_DEMO_CALL:eSpaceSDK:unspecified] AndroidManifest.xml:26:28-51
action#com.huawei.ucapi.pushcheck
ADDED from [UC_API_DEMO_CALL:eSpaceSDK:unspecified] AndroidManifest.xml:27:17-69
	android:name
		ADDED from [UC_API_DEMO_CALL:eSpaceSDK:unspecified] AndroidManifest.xml:27:25-66
intent-filter#android.intent.action.USER_PRESENT+android.intent.category.DEFAULT
ADDED from [UC_API_DEMO_CALL:eSpaceSDK:unspecified] AndroidManifest.xml:29:13-33:29
	android:priority
		ADDED from [UC_API_DEMO_CALL:eSpaceSDK:unspecified] AndroidManifest.xml:29:28-51
action#android.intent.action.USER_PRESENT
ADDED from [UC_API_DEMO_CALL:eSpaceSDK:unspecified] AndroidManifest.xml:30:17-77
	android:name
		ADDED from [UC_API_DEMO_CALL:eSpaceSDK:unspecified] AndroidManifest.xml:30:25-74
category#android.intent.category.DEFAULT
ADDED from [UC_API_DEMO_CALL:eSpaceSDK:unspecified] AndroidManifest.xml:32:17-76
	android:name
		ADDED from [UC_API_DEMO_CALL:eSpaceSDK:unspecified] AndroidManifest.xml:32:27-73
service#com.huawei.push.PushService
ADDED from [UC_API_DEMO_CALL:eSpaceSDK:unspecified] AndroidManifest.xml:37:9-46:19
	android:process
		ADDED from [UC_API_DEMO_CALL:eSpaceSDK:unspecified] AndroidManifest.xml:42:13-54
	android:label
		ADDED from [UC_API_DEMO_CALL:eSpaceSDK:unspecified] AndroidManifest.xml:41:13-41
	android:exported
		ADDED from [UC_API_DEMO_CALL:eSpaceSDK:unspecified] AndroidManifest.xml:40:13-37
	android:description
		ADDED from [UC_API_DEMO_CALL:eSpaceSDK:unspecified] AndroidManifest.xml:39:13-54
	android:name
		ADDED from [UC_API_DEMO_CALL:eSpaceSDK:unspecified] AndroidManifest.xml:38:13-55
intent-filter#com.huawei.ucapi.push.ipc.Ipush
ADDED from [UC_API_DEMO_CALL:eSpaceSDK:unspecified] AndroidManifest.xml:43:13-45:29
	android:priority
		ADDED from [UC_API_DEMO_CALL:eSpaceSDK:unspecified] AndroidManifest.xml:43:28-51
action#com.huawei.ucapi.push.ipc.Ipush
ADDED from [UC_API_DEMO_CALL:eSpaceSDK:unspecified] AndroidManifest.xml:44:17-74
	android:name
		ADDED from [UC_API_DEMO_CALL:eSpaceSDK:unspecified] AndroidManifest.xml:44:25-71
meta-data#LogoResourceId
ADDED from [UC_API_DEMO_CALL:eSpaceSDK:unspecified] AndroidManifest.xml:49:9-51:64
	android:resource
		ADDED from [UC_API_DEMO_CALL:eSpaceSDK:unspecified] AndroidManifest.xml:51:13-61
	android:name
		ADDED from [UC_API_DEMO_CALL:eSpaceSDK:unspecified] AndroidManifest.xml:50:13-42
meta-data#MessageResourceId
ADDED from [UC_API_DEMO_CALL:eSpaceSDK:unspecified] AndroidManifest.xml:53:9-55:57
	android:resource
		ADDED from [UC_API_DEMO_CALL:eSpaceSDK:unspecified] AndroidManifest.xml:55:13-54
	android:name
		ADDED from [UC_API_DEMO_CALL:eSpaceSDK:unspecified] AndroidManifest.xml:54:13-45
meta-data#PushActionName
ADDED from [UC_API_DEMO_CALL:eSpaceSDK:unspecified] AndroidManifest.xml:57:9-59:59
	android:value
		ADDED from [UC_API_DEMO_CALL:eSpaceSDK:unspecified] AndroidManifest.xml:59:13-56
	android:name
		ADDED from [UC_API_DEMO_CALL:eSpaceSDK:unspecified] AndroidManifest.xml:58:13-42
meta-data#PushCategoryName
ADDED from [UC_API_DEMO_CALL:eSpaceSDK:unspecified] AndroidManifest.xml:61:9-63:61
	android:value
		ADDED from [UC_API_DEMO_CALL:eSpaceSDK:unspecified] AndroidManifest.xml:63:13-58
	android:name
		ADDED from [UC_API_DEMO_CALL:eSpaceSDK:unspecified] AndroidManifest.xml:62:13-44
meta-data#PushServiceActionName
ADDED from [UC_API_DEMO_CALL:eSpaceSDK:unspecified] AndroidManifest.xml:65:9-67:63
	android:value
		ADDED from [UC_API_DEMO_CALL:eSpaceSDK:unspecified] AndroidManifest.xml:67:13-60
	android:name
		ADDED from [UC_API_DEMO_CALL:eSpaceSDK:unspecified] AndroidManifest.xml:66:13-49
meta-data#PushAlarmActionName
ADDED from [UC_API_DEMO_CALL:eSpaceSDK:unspecified] AndroidManifest.xml:69:9-71:58
	android:value
		ADDED from [UC_API_DEMO_CALL:eSpaceSDK:unspecified] AndroidManifest.xml:71:13-55
	android:name
		ADDED from [UC_API_DEMO_CALL:eSpaceSDK:unspecified] AndroidManifest.xml:70:13-47
library
ADDED from [com.microsoft.projectoxford:face:1.2.1] AndroidManifest.xml:10:5-11:15
activity#com.google.android.gms.common.api.GoogleApiActivity
ADDED from [com.google.android.gms:play-services-base:9.4.0] AndroidManifest.xml:20:9-22:45
	android:exported
		ADDED from [com.google.android.gms:play-services-base:9.4.0] AndroidManifest.xml:22:19-43
	android:theme
		ADDED from [com.google.android.gms:play-services-base:9.4.0] AndroidManifest.xml:21:19-78
	android:name
		ADDED from [com.google.android.gms:play-services-base:9.4.0] AndroidManifest.xml:20:19-85
meta-data#com.google.android.gms.version
ADDED from [com.google.android.gms:play-services-basement:9.4.0] AndroidManifest.xml:21:9-23:69
MERGED from [com.google.android.gms:play-services-basement:9.4.0] AndroidManifest.xml:21:9-23:69
MERGED from [com.google.android.gms:play-services-basement:9.4.0] AndroidManifest.xml:21:9-23:69
	android:value
		ADDED from [com.google.android.gms:play-services-basement:9.4.0] AndroidManifest.xml:23:13-66
	android:name
		ADDED from [com.google.android.gms:play-services-basement:9.4.0] AndroidManifest.xml:22:13-58